============================= test session starts =============================
platform win32 -- Python 3.11.9, pytest-9.0.2, pluggy-1.6.0 -- C:\Users\sakth\AppData\Local\Programs\Python\Python311\python.exe
cachedir: .pytest_cache
rootdir: C:\Users\sakth\OneDrive\Desktop\budget planner\backend
plugins: anyio-4.12.1, asyncio-1.3.0, cov-7.0.0
asyncio: mode=Mode.STRICT, debug=False, asyncio_default_fixture_loop_scope=None, asyncio_default_test_loop_scope=function
collecting ... collected 10 items

tests/test_algorithms.py::test_sip_calculator_standard PASSED            [ 10%]
tests/test_algorithms.py::test_sip_calculator_zero_interest PASSED       [ 20%]
tests/test_algorithms.py::test_budget_calculation_standard PASSED        [ 30%]
tests/test_algorithms.py::test_budget_calculation_edge_cases PASSED      [ 40%]
tests/test_api_integration.py::test_signup_login_flow PASSED             [ 50%]
tests/test_api_integration.py::test_budget_flow FAILED                   [ 60%]
tests/test_api_integration.py::test_expense_flow FAILED                  [ 70%]
tests/test_expenses_engine.py::test_expense_budget_subtraction PASSED    [ 80%]
tests/test_expenses_engine.py::test_expense_summary_logic PASSED         [ 90%]
tests/test_expenses_engine.py::test_financial_score_logic PASSED         [100%]

================================== FAILURES ===================================
______________________________ test_budget_flow _______________________________
tests\test_api_integration.py:57: in test_budget_flow
    assert response.status_code == 200
E   assert 422 == 200
E    +  where 422 = <Response [422 Unprocessable Entity]>.status_code
______________________________ test_expense_flow ______________________________
tests\test_api_integration.py:87: in test_expense_flow
    assert food_summary["allocated"] == 500.0
E   assert 0 == 500.0
============================== warnings summary ===============================
..\..\..\..\AppData\Local\Programs\Python\Python311\Lib\site-packages\pydantic\_internal\_config.py:291
..\..\..\..\AppData\Local\Programs\Python\Python311\Lib\site-packages\pydantic\_internal\_config.py:291
..\..\..\..\AppData\Local\Programs\Python\Python311\Lib\site-packages\pydantic\_internal\_config.py:291
..\..\..\..\AppData\Local\Programs\Python\Python311\Lib\site-packages\pydantic\_internal\_config.py:291
..\..\..\..\AppData\Local\Programs\Python\Python311\Lib\site-packages\pydantic\_internal\_config.py:291
  C:\Users\sakth\AppData\Local\Programs\Python\Python311\Lib\site-packages\pydantic\_internal\_config.py:291: PydanticDeprecatedSince20: Support for class-based `config` is deprecated, use ConfigDict instead. Deprecated in Pydantic V2.0 to be removed in V3.0. See Pydantic V2 Migration Guide at https://errors.pydantic.dev/2.9/migration/
    warnings.warn(DEPRECATION_MESSAGE, DeprecationWarning)

-- Docs: https://docs.pytest.org/en/stable/how-to/capture-warnings.html
=========================== short test summary info ===========================
FAILED tests/test_api_integration.py::test_budget_flow - assert 422 == 200
FAILED tests/test_api_integration.py::test_expense_flow - assert 0 == 500.0
=================== 2 failed, 8 passed, 5 warnings in 7.01s ===================
