============================= test session starts =============================
platform win32 -- Python 3.11.9, pytest-9.0.2, pluggy-1.6.0 -- C:\Users\sakth\AppData\Local\Programs\Python\Python311\python.exe
cachedir: .pytest_cache
rootdir: C:\Users\sakth\OneDrive\Desktop\budget planner\backend
plugins: anyio-4.12.1, asyncio-1.3.0, cov-7.0.0
asyncio: mode=Mode.STRICT, debug=False, asyncio_default_fixture_loop_scope=None, asyncio_default_test_loop_scope=function
collecting ... collected 10 items

tests/test_algorithms.py::test_sip_calculator_standard FAILED            [ 10%]
tests/test_algorithms.py::test_sip_calculator_zero_interest PASSED       [ 20%]
tests/test_algorithms.py::test_budget_calculation_standard PASSED        [ 30%]
tests/test_algorithms.py::test_budget_calculation_edge_cases PASSED      [ 40%]
tests/test_api_integration.py::test_signup_login_flow ERROR              [ 50%]
tests/test_api_integration.py::test_budget_flow ERROR                    [ 60%]
tests/test_api_integration.py::test_expense_flow ERROR                   [ 70%]
tests/test_expenses_engine.py::test_expense_budget_subtraction ERROR     [ 80%]
tests/test_expenses_engine.py::test_expense_summary_logic PASSED         [ 90%]
tests/test_expenses_engine.py::test_financial_score_logic FAILED         [100%]

=================================== ERRORS ====================================
__________________ ERROR at setup of test_signup_login_flow ___________________
file C:\Users\sakth\OneDrive\Desktop\budget planner\backend\tests\test_api_integration.py, line 4
  def test_signup_login_flow(client: TestClient):
E       fixture 'client' not found
>       available fixtures: _class_scoped_runner, _function_scoped_runner, _module_scoped_runner, _package_scoped_runner, _session_scoped_runner, anyio_backend, anyio_backend_name, anyio_backend_options, cache, capfd, capfdbinary, caplog, capsys, capsysbinary, capteesys, cov, doctest_namespace, event_loop_policy, free_tcp_port, free_tcp_port_factory, free_udp_port, free_udp_port_factory, monkeypatch, no_cover, pytestconfig, record_property, record_testsuite_property, record_xml_attribute, recwarn, run_around_tests, subtests, tmp_path, tmp_path_factory, tmpdir, tmpdir_factory, unused_tcp_port, unused_tcp_port_factory, unused_udp_port, unused_udp_port_factory
>       use 'pytest --fixtures [testpath]' for help on them.

C:\Users\sakth\OneDrive\Desktop\budget planner\backend\tests\test_api_integration.py:4
_____________________ ERROR at setup of test_budget_flow ______________________
file C:\Users\sakth\OneDrive\Desktop\budget planner\backend\tests\test_api_integration.py, line 43
  def test_budget_flow(client: TestClient):
E       fixture 'client' not found
>       available fixtures: _class_scoped_runner, _function_scoped_runner, _module_scoped_runner, _package_scoped_runner, _session_scoped_runner, anyio_backend, anyio_backend_name, anyio_backend_options, cache, capfd, capfdbinary, caplog, capsys, capsysbinary, capteesys, cov, doctest_namespace, event_loop_policy, free_tcp_port, free_tcp_port_factory, free_udp_port, free_udp_port_factory, monkeypatch, no_cover, pytestconfig, record_property, record_testsuite_property, record_xml_attribute, recwarn, run_around_tests, subtests, tmp_path, tmp_path_factory, tmpdir, tmpdir_factory, unused_tcp_port, unused_tcp_port_factory, unused_udp_port, unused_udp_port_factory
>       use 'pytest --fixtures [testpath]' for help on them.

C:\Users\sakth\OneDrive\Desktop\budget planner\backend\tests\test_api_integration.py:43
_____________________ ERROR at setup of test_expense_flow _____________________
file C:\Users\sakth\OneDrive\Desktop\budget planner\backend\tests\test_api_integration.py, line 61
  def test_expense_flow(client: TestClient):
E       fixture 'client' not found
>       available fixtures: _class_scoped_runner, _function_scoped_runner, _module_scoped_runner, _package_scoped_runner, _session_scoped_runner, anyio_backend, anyio_backend_name, anyio_backend_options, cache, capfd, capfdbinary, caplog, capsys, capsysbinary, capteesys, cov, doctest_namespace, event_loop_policy, free_tcp_port, free_tcp_port_factory, free_udp_port, free_udp_port_factory, monkeypatch, no_cover, pytestconfig, record_property, record_testsuite_property, record_xml_attribute, recwarn, run_around_tests, subtests, tmp_path, tmp_path_factory, tmpdir, tmpdir_factory, unused_tcp_port, unused_tcp_port_factory, unused_udp_port, unused_udp_port_factory
>       use 'pytest --fixtures [testpath]' for help on them.

C:\Users\sakth\OneDrive\Desktop\budget planner\backend\tests\test_api_integration.py:61
______________ ERROR at setup of test_expense_budget_subtraction ______________
file C:\Users\sakth\OneDrive\Desktop\budget planner\backend\tests\test_expenses_engine.py, line 5
  def test_expense_budget_subtraction(client: TestClient):
E       fixture 'client' not found
>       available fixtures: _class_scoped_runner, _function_scoped_runner, _module_scoped_runner, _package_scoped_runner, _session_scoped_runner, anyio_backend, anyio_backend_name, anyio_backend_options, cache, capfd, capfdbinary, caplog, capsys, capsysbinary, capteesys, cov, doctest_namespace, event_loop_policy, free_tcp_port, free_tcp_port_factory, free_udp_port, free_udp_port_factory, monkeypatch, no_cover, pytestconfig, record_property, record_testsuite_property, record_xml_attribute, recwarn, run_around_tests, subtests, tmp_path, tmp_path_factory, tmpdir, tmpdir_factory, unused_tcp_port, unused_tcp_port_factory, unused_udp_port, unused_udp_port_factory
>       use 'pytest --fixtures [testpath]' for help on them.

C:\Users\sakth\OneDrive\Desktop\budget planner\backend\tests\test_expenses_engine.py:5
================================== FAILURES ===================================
________________________ test_sip_calculator_standard _________________________

    def test_sip_calculator_standard():
        # Test formula: A = P ((1 + r/n)^(nt) - 1) / (r/n) * (1 + r/n)
        req = SIPCalcRequest(monthly_amount=5000.0, rate=12.0, years=10)
        result = sip_calculator(req)
    
        assert result.total_invested == 600000.0
    
        # 5000 at 12% for 10 years is approx 1,161,695
        assert 1150000 < result.future_value < 1170000
>       assert result.total_returns == result.future_value - result.total_invested
E       assert 561695.38 == (1161695.38 - 600000.0)
E        +  where 561695.38 = SIPCalcResponse(future_value=1161695.38, total_invested=600000.0, total_returns=561695.38).total_returns
E        +  and   1161695.38 = SIPCalcResponse(future_value=1161695.38, total_invested=600000.0, total_returns=561695.38).future_value
E        +  and   600000.0 = SIPCalcResponse(future_value=1161695.38, total_invested=600000.0, total_returns=561695.38).total_invested

tests\test_algorithms.py:14: AssertionError
_________________________ test_financial_score_logic __________________________

    def test_financial_score_logic():
>       from services.financial_engine import FinancialEngine
E       ImportError: cannot import name 'FinancialEngine' from 'services.financial_engine' (C:\Users\sakth\OneDrive\Desktop\budget planner\backend\services\financial_engine.py)

tests\test_expenses_engine.py:29: ImportError
============================== warnings summary ===============================
..\..\..\..\AppData\Local\Programs\Python\Python311\Lib\site-packages\pydantic\_internal\_config.py:291
..\..\..\..\AppData\Local\Programs\Python\Python311\Lib\site-packages\pydantic\_internal\_config.py:291
..\..\..\..\AppData\Local\Programs\Python\Python311\Lib\site-packages\pydantic\_internal\_config.py:291
..\..\..\..\AppData\Local\Programs\Python\Python311\Lib\site-packages\pydantic\_internal\_config.py:291
..\..\..\..\AppData\Local\Programs\Python\Python311\Lib\site-packages\pydantic\_internal\_config.py:291
  C:\Users\sakth\AppData\Local\Programs\Python\Python311\Lib\site-packages\pydantic\_internal\_config.py:291: PydanticDeprecatedSince20: Support for class-based `config` is deprecated, use ConfigDict instead. Deprecated in Pydantic V2.0 to be removed in V3.0. See Pydantic V2 Migration Guide at https://errors.pydantic.dev/2.9/migration/
    warnings.warn(DEPRECATION_MESSAGE, DeprecationWarning)

-- Docs: https://docs.pytest.org/en/stable/how-to/capture-warnings.html
=========================== short test summary info ===========================
FAILED tests/test_algorithms.py::test_sip_calculator_standard - assert 561695...
FAILED tests/test_expenses_engine.py::test_financial_score_logic - ImportErro...
ERROR tests/test_api_integration.py::test_signup_login_flow
ERROR tests/test_api_integration.py::test_budget_flow
ERROR tests/test_api_integration.py::test_expense_flow
ERROR tests/test_expenses_engine.py::test_expense_budget_subtraction
============== 2 failed, 4 passed, 5 warnings, 4 errors in 2.06s ==============
